<?xml version="1.0" encoding="UTF-8"?>
<!-- Generated by org.testng.reporters.JUnitReportReporter -->
<testsuite skipped="0" hostname="DEVAKI" name="RestAssured.RestAssuredPost" tests="5" failures="0" timestamp="09 Dec 2020 11:05:34 GMT" time="5.893" errors="0">
  <testcase name="postest" time="0.606" classname="RestAssured.RestAssuredPost"/>
  <testcase name="postest" time="0.672" classname="RestAssured.RestAssuredPost"/>
  <testcase name="postest" time="3.432" classname="RestAssured.RestAssuredPost"/>
  <testcase name="postest" time="0.631" classname="RestAssured.RestAssuredPost"/>
  <testcase name="postest" time="0.552" classname="RestAssured.RestAssuredPost"/>
</testsuite> <!-- RestAssured.RestAssuredPost -->
