<?xml version="1.0" encoding="UTF-8"?>
<!-- Generated by org.testng.reporters.JUnitReportReporter -->
<testsuite skipped="0" hostname="DEVAKI" name="RestTest.DeleteTest" tests="1" failures="0" timestamp="09 Dec 2020 11:15:35 GMT" time="2.535" errors="0">
  <testcase name="DeleteTest" time="2.535" classname="RestTest.DeleteTest"/>
</testsuite> <!-- RestTest.DeleteTest -->
