<?xml version="1.0" encoding="UTF-8"?>
<!-- Generated by org.testng.reporters.JUnitReportReporter -->
<testsuite skipped="0" hostname="DEVAKI" name="RestAssured.RestAssuredGet" tests="1" failures="0" timestamp="09 Dec 2020 11:05:34 GMT" time="4.163" errors="0">
  <testcase name="weatherdetails" time="4.163" classname="RestAssured.RestAssuredGet"/>
</testsuite> <!-- RestAssured.RestAssuredGet -->
