<?xml version="1.0" encoding="UTF-8"?>
<!-- Generated by org.testng.reporters.JUnitReportReporter -->
<testsuite skipped="0" hostname="DEVAKI" name="RestTest.PostTest" tests="1" failures="0" timestamp="09 Dec 2020 11:15:49 GMT" time="1.749" errors="0">
  <testcase name="posttest" time="1.749" classname="RestTest.PostTest"/>
</testsuite> <!-- RestTest.PostTest -->
