<?xml version="1.0" encoding="UTF-8"?>
<!-- Generated by org.testng.reporters.JUnitReportReporter -->
<testsuite skipped="0" hostname="DEVAKI" name="RestTest.TestGet" tests="2" failures="0" timestamp="09 Dec 2020 11:11:17 GMT" time="3.824" errors="0">
  <testcase name="getuserdetails" time="3.016" classname="RestTest.TestGet"/>
  <testcase name="getuserdetails1" time="0.808" classname="RestTest.TestGet"/>
</testsuite> <!-- RestTest.TestGet -->
