<?xml version="1.0" encoding="UTF-8"?>
<!-- Generated by org.testng.reporters.JUnitReportReporter -->
<testsuite hostname="DEVAKI" failures="0" tests="1" name="RestTest.DeleteTest" time="3.191" errors="0" timestamp="09 Dec 2020 12:24:34 GMT" skipped="0">
  <testcase classname="RestTest.DeleteTest" name="DeleteTest" time="3.191"/>
</testsuite> <!-- RestTest.DeleteTest -->
