<?xml version="1.0" encoding="UTF-8"?>
<!-- Generated by org.testng.reporters.JUnitReportReporter -->
<testsuite hostname="DEVAKI" failures="0" tests="2" name="RestTest.TestGet" time="1.875" errors="0" timestamp="09 Dec 2020 12:24:34 GMT" skipped="0">
  <testcase classname="RestTest.TestGet" name="getuserdetails" time="1.203"/>
  <testcase classname="RestTest.TestGet" name="getuserdetails1" time="0.672"/>
</testsuite> <!-- RestTest.TestGet -->
